    Checking maniac-runtime v0.1.0 (C:\Users\info\repos\bisque-io\bop\crates\maniac-runtime)
error: unknown start of token: `
    --> crates\maniac-runtime\src\runtime\worker.rs:3071:1
     |
3071 | ```
     | ^^^
     |
     = note: character appears 2 more times
help: Unicode character '`' (Grave Accent) looks like ''' (Single Quote), but it is not
     |
3071 - ```
3071 + '''
     |

error: unexpected closing delimiter: `}`
    --> crates\maniac-runtime\src\runtime\worker.rs:3211:1
     |
3067 |             if existing_worker_id == worker_id {
     |                                                - this delimiter might not be properly closed...
...
3072 |                 }
     |                 - ...as it matches this but it has different indentation
...
3211 | }
     | ^ unexpected closing delimiter

error: could not compile `maniac-runtime` (lib) due to 2 previous errors
